timestamp: 2012-01-09T09:53:39.998000
CREATE TABLE auth_user(
    id INTEGER PRIMARY KEY AUTOINCREMENT,
    first_name CHAR(128),
    last_name CHAR(128),
    email CHAR(512),
    password CHAR(512),
    registration_key CHAR(512),
    reset_password_key CHAR(512),
    buyers_id CHAR(512),
    sellers_id CHAR(512),
    usnum CHAR(512),
    street CHAR(512),
    suburb CHAR(512),
    state CHAR(512),
    country CHAR(512),
    postcode CHAR(512)
);
success!
timestamp: 2012-01-09T09:53:40.031000
CREATE TABLE auth_group(
    id INTEGER PRIMARY KEY AUTOINCREMENT,
    role CHAR(512),
    description TEXT
);
success!
timestamp: 2012-01-09T09:53:40.051000
CREATE TABLE auth_membership(
    id INTEGER PRIMARY KEY AUTOINCREMENT,
    user_id INTEGER REFERENCES auth_user(id) ON DELETE CASCADE,
    group_id INTEGER REFERENCES auth_group(id) ON DELETE CASCADE
);
success!
timestamp: 2012-01-09T09:53:40.076000
CREATE TABLE auth_permission(
    id INTEGER PRIMARY KEY AUTOINCREMENT,
    group_id INTEGER REFERENCES auth_group(id) ON DELETE CASCADE,
    name CHAR(512),
    table_name CHAR(512),
    record_id INTEGER
);
success!
timestamp: 2012-01-09T09:53:40.134000
CREATE TABLE auth_event(
    id INTEGER PRIMARY KEY AUTOINCREMENT,
    time_stamp TIMESTAMP,
    client_ip CHAR(512),
    user_id INTEGER REFERENCES auth_user(id) ON DELETE CASCADE,
    origin CHAR(512),
    description TEXT
);
success!
timestamp: 2012-01-09T09:53:40.154000
CREATE TABLE auth_cas(
    id INTEGER PRIMARY KEY AUTOINCREMENT,
    user_id INTEGER REFERENCES auth_user(id) ON DELETE CASCADE,
    created_on TIMESTAMP,
    url CHAR(512),
    uuid CHAR(512)
);
success!
timestamp: 2012-01-16T13:48:00.452000
ALTER TABLE auth_user ADD region_id CHAR(512);
timestamp: 2012-01-16T13:48:00.467000
ALTER TABLE auth_user ADD user_type CHAR(512);
timestamp: 2012-01-16T13:48:00.497000
ALTER TABLE auth_user ADD reputation CHAR(512);
