timestamp: 2012-01-16T14:57:05.540000
CREATE TABLE auth_user(
    id INTEGER PRIMARY KEY AUTOINCREMENT,
    username CHAR(512),
    first_name CHAR(512),
    last_name CHAR(512),
    email CHAR(512),
    password CHAR(512),
    created_on TIMESTAMP,
    modified_on TIMESTAMP,
    registration_key CHAR(512),
    reset_password_key CHAR(512),
    registration_id CHAR(512)
);
success!
timestamp: 2012-01-16T14:57:05.554000
CREATE TABLE auth_group(
    id INTEGER PRIMARY KEY AUTOINCREMENT,
    role CHAR(512),
    description TEXT
);
success!
timestamp: 2012-01-16T14:57:05.571000
CREATE TABLE auth_membership(
    id INTEGER PRIMARY KEY AUTOINCREMENT,
    user_id INTEGER REFERENCES auth_user(id) ON DELETE CASCADE,
    group_id INTEGER REFERENCES auth_group(id) ON DELETE CASCADE
);
success!
timestamp: 2012-01-16T14:57:05.586000
CREATE TABLE auth_permission(
    id INTEGER PRIMARY KEY AUTOINCREMENT,
    group_id INTEGER REFERENCES auth_group(id) ON DELETE CASCADE,
    name CHAR(512),
    table_name CHAR(512),
    record_id INTEGER
);
success!
timestamp: 2012-01-16T14:57:05.602000
CREATE TABLE auth_event(
    id INTEGER PRIMARY KEY AUTOINCREMENT,
    time_stamp TIMESTAMP,
    client_ip CHAR(512),
    user_id INTEGER REFERENCES auth_user(id) ON DELETE CASCADE,
    origin CHAR(512),
    description TEXT
);
success!
timestamp: 2012-01-16T14:57:05.618000
CREATE TABLE auth_cas(
    id INTEGER PRIMARY KEY AUTOINCREMENT,
    user_id INTEGER REFERENCES auth_user(id) ON DELETE CASCADE,
    created_on TIMESTAMP,
    url CHAR(512),
    uuid CHAR(512)
);
success!
timestamp: 2012-01-19T14:48:49.464000
CREATE TABLE game_data_table(
    id INTEGER PRIMARY KEY AUTOINCREMENT,
    player_1_ID CHAR(512),
    player_2_ID CHAR(512),
    letter_string CHAR(512),
    event_string CHAR(512)
);
success!
